<?xml version="1.0" encoding="UTF-8"?>
<testsuite name="io.zepz.paulcgz.democave.DemoCaveApplicationTests" tests="1" skipped="0" failures="0" errors="0" timestamp="2024-04-18T18:33:56" hostname="Zepz-GT46LN417H" time="0.382">
  <properties/>
  <testcase name="contextLoads()" classname="io.zepz.paulcgz.democave.DemoCaveApplicationTests" time="0.382"/>
  <system-out><![CDATA[20:33:55.929 [Test worker] INFO org.springframework.test.context.support.AnnotationConfigContextLoaderUtils -- Could not detect default configuration classes for test class [io.zepz.paulcgz.democave.DemoCaveApplicationTests]: DemoCaveApplicationTests does not declare any static, non-private, non-final, nested classes annotated with @Configuration.
20:33:55.966 [Test worker] INFO org.springframework.boot.test.context.SpringBootTestContextBootstrapper -- Found @SpringBootConfiguration io.zepz.paulcgz.democave.DemoCaveApplication for test class io.zepz.paulcgz.democave.DemoCaveApplicationTests

  .   ____          _            __ _ _
 /\\ / ___'_ __ _ _(_)_ __  __ _ \ \ \ \
( ( )\___ | '_ | '_| | '_ \/ _` | \ \ \ \
 \\/  ___)| |_)| | | | | || (_| |  ) ) ) )
  '  |____| .__|_| |_|_| |_\__, | / / / /
 =========|_|==============|___/=/_/_/_/
 :: Spring Boot ::                (v3.2.4)

2024-04-18T20:33:56.105+02:00  INFO 14909 --- [demo-cave] [    Test worker] i.z.p.democave.DemoCaveApplicationTests  : Starting DemoCaveApplicationTests using Java 21.0.2 with PID 14909 (started by pgilowey in /Users/pgilowey/code/demo-cave)
2024-04-18T20:33:56.105+02:00  INFO 14909 --- [demo-cave] [    Test worker] i.z.p.democave.DemoCaveApplicationTests  : No active profile set, falling back to 1 default profile: "default"
2024-04-18T20:33:56.513+02:00  INFO 14909 --- [demo-cave] [    Test worker] i.z.p.democave.DemoCaveApplicationTests  : Started DemoCaveApplicationTests in 0.494 seconds (process running for 0.925)
]]></system-out>
  <system-err><![CDATA[WARNING: A Java agent has been loaded dynamically (/Users/pgilowey/.gradle/caches/modules-2/files-2.1/net.bytebuddy/byte-buddy-agent/1.14.12/be4984cb6fd1ef1d11f218a648889dfda44b8a15/byte-buddy-agent-1.14.12.jar)
WARNING: If a serviceability tool is in use, please run with -XX:+EnableDynamicAgentLoading to hide this warning
WARNING: If a serviceability tool is not in use, please run with -Djdk.instrument.traceUsage for more information
WARNING: Dynamic loading of agents will be disallowed by default in a future release
]]></system-err>
</testsuite>
